<?xml version="1.0" encoding="UTF-8"?>
<!-- Generated by org.testng.reporters.JUnitReportReporter -->
<testsuite hostname="POP-165" name="Demos.emailjen" tests="1" failures="0" timestamp="16 Jun 2015 10:36:45 GMT" time="35.976" errors="0">
  <testcase name="test" time="35.976" classname="Demos.emailjen"/>
</testsuite> <!-- Demos.emailjen -->
